JD/build/outputs/logs/manifest-merger-debug-report.txt
-- Merging decision tree log ---
manifest
ADDED from src\main\AndroidManifest.xml:1:1-81:12
	package
		ADDED from src\main\AndroidManifest.xml:2:5-32
		INJECTED from src\main\AndroidManifest.xml
		INJECTED from src\main\AndroidManifest.xml
	android:versionName
		ADDED from src\main\AndroidManifest.xml:5:5-32
		INJECTED from src\main\AndroidManifest.xml
		INJECTED from src\main\AndroidManifest.xml
	android:versionCode
		ADDED from src\main\AndroidManifest.xml:4:5-28
		INJECTED from src\main\AndroidManifest.xml
		INJECTED from src\main\AndroidManifest.xml
	xmlns:android
		ADDED from src\main\AndroidManifest.xml:1:11-69
	android:installLocation
		ADDED from src\main\AndroidManifest.xml:3:5-35
uses-permission#android.permission.CAMERA
ADDED from src\main\AndroidManifest.xml:8:5-65
	android:name
		ADDED from src\main\AndroidManifest.xml:8:22-62
uses-permission#android.permission.INTERNET
ADDED from src\main\AndroidManifest.xml:9:5-67
	android:name
		ADDED from src\main\AndroidManifest.xml:9:22-64
uses-permission#android.permission.WRITE_EXTERNAL_STORAGE
ADDED from src\main\AndroidManifest.xml:10:5-81
	android:name
		ADDED from src\main\AndroidManifest.xml:10:22-78
uses-permission#android.permission.MOUNT_UNMOUNT_FILESYSTEMS
ADDED from src\main\AndroidManifest.xml:11:5-84
	android:name
		ADDED from src\main\AndroidManifest.xml:11:22-81
uses-permission#android.permission.CHANGE_WIFI_STATE
ADDED from src\main\AndroidManifest.xml:12:5-76
	android:name
		ADDED from src\main\AndroidManifest.xml:12:22-73
uses-permission#android.permission.ACCESS_WIFI_STATE
ADDED from src\main\AndroidManifest.xml:13:5-76
	android:name
		ADDED from src\main\AndroidManifest.xml:13:22-73
uses-permission#android.permission.ACCESS_NETWORK_STATE
ADDED from src\main\AndroidManifest.xml:14:5-79
	android:name
		ADDED from src\main\AndroidManifest.xml:14:22-76
uses-permission#android.permission.ACCESS_FINE_LOCATION
ADDED from src\main\AndroidManifest.xml:15:5-79
	android:name
		ADDED from src\main\AndroidManifest.xml:15:22-76
uses-permission#android.permission.VIBRATE
ADDED from src\main\AndroidManifest.xml:17:7-68
	android:name
		ADDED from src\main\AndroidManifest.xml:17:24-65
supports-screens
ADDED from src\main\AndroidManifest.xml:19:5-24:40
	android:largeScreens
		ADDED from src\main\AndroidManifest.xml:21:9-36
	android:smallScreens
		ADDED from src\main\AndroidManifest.xml:23:9-36
	android:normalScreens
		ADDED from src\main\AndroidManifest.xml:22:9-37
	android:xlargeScreens
		ADDED from src\main\AndroidManifest.xml:24:9-37
	android:anyDensity
		ADDED from src\main\AndroidManifest.xml:20:9-34
application
ADDED from src\main\AndroidManifest.xml:26:5-79:19
MERGED from [com.android.support:support-v4:23.4.0] AndroidManifest.xml:22:5-20
	android:label
		ADDED from src\main\AndroidManifest.xml:30:9-41
	android:allowBackup
		ADDED from src\main\AndroidManifest.xml:28:9-35
	android:icon
		ADDED from src\main\AndroidManifest.xml:29:9-45
	android:theme
		ADDED from src\main\AndroidManifest.xml:31:9-40
	android:name
		ADDED from src\main\AndroidManifest.xml:27:9-57
activity#com.itau.jingdong.ui.SplashActivity
ADDED from src\main\AndroidManifest.xml:32:9-42:20
	android:label
		ADDED from src\main\AndroidManifest.xml:34:13-45
	android:launchMode
		ADDED from src\main\AndroidManifest.xml:35:13-44
	android:theme
		ADDED from src\main\AndroidManifest.xml:36:13-47
	android:name
		ADDED from src\main\AndroidManifest.xml:33:13-46
intent-filter#android.intent.action.MAIN+android.intent.category.LAUNCHER
ADDED from src\main\AndroidManifest.xml:37:13-41:29
action#android.intent.action.MAIN
ADDED from src\main\AndroidManifest.xml:38:17-69
	android:name
		ADDED from src\main\AndroidManifest.xml:38:25-66
category#android.intent.category.LAUNCHER
ADDED from src\main\AndroidManifest.xml:40:17-77
	android:name
		ADDED from src\main\AndroidManifest.xml:40:27-74
activity#com.itau.jingdong.ui.HomeActivity
ADDED from src\main\AndroidManifest.xml:43:9-46:47
	android:launchMode
		ADDED from src\main\AndroidManifest.xml:45:13-43
	android:theme
		ADDED from src\main\AndroidManifest.xml:46:13-44
	android:name
		ADDED from src\main\AndroidManifest.xml:44:13-44
activity#com.itau.jingdong.ui.MainActivity
ADDED from src\main\AndroidManifest.xml:47:9-50:47
	android:launchMode
		ADDED from src\main\AndroidManifest.xml:49:13-43
	android:theme
		ADDED from src\main\AndroidManifest.xml:50:13-44
	android:name
		ADDED from src\main\AndroidManifest.xml:48:13-44
activity#com.itau.jingdong.ui.IndexActivity
ADDED from src\main\AndroidManifest.xml:51:9-54:47
	android:launchMode
		ADDED from src\main\AndroidManifest.xml:53:13-43
	android:theme
		ADDED from src\main\AndroidManifest.xml:54:13-44
	android:name
		ADDED from src\main\AndroidManifest.xml:52:13-45
activity#com.itau.jingdong.ui.CategoryActivity
ADDED from src\main\AndroidManifest.xml:55:9-58:47
	android:launchMode
		ADDED from src\main\AndroidManifest.xml:57:13-43
	android:theme
		ADDED from src\main\AndroidManifest.xml:58:13-44
	android:name
		ADDED from src\main\AndroidManifest.xml:56:13-48
activity#com.itau.jingdong.ui.CartActivity
ADDED from src\main\AndroidManifest.xml:59:9-62:47
	android:launchMode
		ADDED from src\main\AndroidManifest.xml:61:13-43
	android:theme
		ADDED from src\main\AndroidManifest.xml:62:13-44
	android:name
		ADDED from src\main\AndroidManifest.xml:60:13-44
activity#com.itau.jingdong.ui.PersonalActivity
ADDED from src\main\AndroidManifest.xml:63:9-66:47
	android:launchMode
		ADDED from src\main\AndroidManifest.xml:65:13-43
	android:theme
		ADDED from src\main\AndroidManifest.xml:66:13-44
	android:name
		ADDED from src\main\AndroidManifest.xml:64:13-48
activity#com.itau.jingdong.ui.SearchActivity
ADDED from src\main\AndroidManifest.xml:67:9-71:55
	android:launchMode
		ADDED from src\main\AndroidManifest.xml:69:13-43
	android:windowSoftInputMode
		ADDED from src\main\AndroidManifest.xml:71:13-52
	android:theme
		ADDED from src\main\AndroidManifest.xml:70:13-49
	android:name
		ADDED from src\main\AndroidManifest.xml:68:13-46
activity#com.itau.jingdong.ui.LoginActivity
ADDED from src\main\AndroidManifest.xml:72:9-74:15
	android:theme
		ADDED from src\main\AndroidManifest.xml:73:13-60
	android:name
		ADDED from src\main\AndroidManifest.xml:72:19-51
activity#com.itau.jingdong.ui.RegisterActivity
ADDED from src\main\AndroidManifest.xml:75:9-66
	android:name
		ADDED from src\main\AndroidManifest.xml:75:19-54
activity#com.itau.jingdong.ui.RegisterBormalActivity
ADDED from src\main\AndroidManifest.xml:76:9-72
	android:name
		ADDED from src\main\AndroidManifest.xml:76:19-60
activity#com.itau.jingdong.ui.MoreActivity
ADDED from src\main\AndroidManifest.xml:77:9-62
	android:name
		ADDED from src\main\AndroidManifest.xml:77:19-50
activity#com.itau.jingdong.ui.IndexShakeActivity
ADDED from src\main\AndroidManifest.xml:78:9-68
	android:name
		ADDED from src\main\AndroidManifest.xml:78:19-56
uses-sdk
INJECTED from src\main\AndroidManifest.xml reason: use-sdk injection requested
MERGED from [com.android.support:support-v4:23.4.0] AndroidManifest.xml:20:5-43
	android:minSdkVersion
		INJECTED from src\main\AndroidManifest.xml
		INJECTED from src\main\AndroidManifest.xml